{
  "RSpec": {
    "coverage": {
      "/Users/phereford/Sites/rails/such_coin_wow/app/controllers/coins_controller.rb": [
        1,
        1,
        null,
        1,
        2,
        null,
        null,
        1,
        2,
        null,
        null,
        1,
        1,
        null,
        null,
        1,
        4,
        4,
        2,
        null,
        2,
        null,
        null,
        null,
        1,
        1,
        null,
        null,
        1,
        5,
        5,
        3,
        3,
        null,
        2,
        null,
        null,
        null,
        1,
        2,
        2,
        2,
        null,
        null,
        1,
        4,
        4,
        4,
        null,
        4,
        null,
        null,
        1,
        2,
        2,
        null,
        null,
        1,
        1,
        9,
        null,
        null
      ],
      "/Users/phereford/Sites/rails/such_coin_wow/app/controllers/application_controller.rb": [
        1,
        1,
        1,
        null
      ],
      "/Users/phereford/Sites/rails/such_coin_wow/app/controllers/dashboard_controller.rb": [
        1,
        1,
        null,
        null
      ],
      "/Users/phereford/Sites/rails/such_coin_wow/app/controllers/transactions_controller.rb": [
        1,
        1,
        2,
        null,
        null,
        1,
        2,
        null,
        null
      ],
      "/Users/phereford/Sites/rails/such_coin_wow/lib/sync_transaction.rb": [
        1,
        1,
        1,
        1,
        2,
        2,
        null,
        2,
        null,
        2,
        null,
        2,
        null,
        2,
        2,
        null,
        null,
        1,
        1,
        0,
        0,
        null,
        null,
        null,
        1,
        2,
        2,
        0,
        null,
        0,
        null,
        null,
        null,
        1,
        0,
        null,
        null,
        null,
        0,
        null,
        null,
        1,
        2,
        2,
        26,
        null,
        null,
        null,
        null,
        null,
        null,
        null,
        null,
        null,
        null,
        null,
        26,
        null,
        null,
        null,
        1,
        2,
        2,
        null,
        null,
        0,
        null,
        null,
        null,
        null,
        null,
        null,
        1,
        26,
        26,
        null,
        0,
        null,
        null,
        null
      ],
      "/Users/phereford/Sites/rails/such_coin_wow/lib/retryable.rb": [
        1,
        1,
        0,
        0,
        null,
        0,
        0,
        0,
        0,
        null,
        0,
        0,
        null,
        null,
        0,
        0,
        null,
        null
      ],
      "/Users/phereford/Sites/rails/such_coin_wow/app/models/transaction.rb": [
        1,
        1,
        1,
        1,
        null,
        1,
        1,
        1,
        1,
        1,
        null,
        1,
        1,
        36,
        36,
        36,
        36,
        null,
        null
      ]
    },
    "timestamp": 1389284873
  }
}
